\BOOKMARK [1][-]{section.1}{\376\377\000P\000u\000r\000p\000o\000s\000e\000\040\000a\000n\000d\000\040\000S\000c\000o\000p\000e}{}% 1
\BOOKMARK [1][-]{section.2}{\376\377\000S\000y\000s\000t\000e\000m\000\040\000O\000v\000e\000r\000v\000i\000e\000w}{}% 2
\BOOKMARK [1][-]{section.3}{\376\377\000I\000m\000p\000l\000e\000m\000e\000n\000t\000e\000d\000\040\000F\000e\000a\000t\000u\000r\000e\000\040\000S\000e\000t}{}% 3
\BOOKMARK [2][-]{subsection.3.1}{\376\377\000A\000r\000e\000n\000a\000\040\000R\000u\000n\000t\000i\000m\000e\000\040\000a\000n\000d\000\040\000S\000t\000a\000t\000e\000\040\000M\000a\000n\000a\000g\000e\000m\000e\000n\000t}{section.3}% 4
\BOOKMARK [2][-]{subsection.3.2}{\376\377\000B\000o\000t\000\040\000C\000o\000m\000m\000a\000n\000d\000\040\000P\000r\000o\000t\000o\000c\000o\000l\000\040\000\050\000T\000C\000P\000\051}{section.3}% 5
\BOOKMARK [2][-]{subsection.3.3}{\376\377\000D\000a\000s\000h\000b\000o\000a\000r\000d\000\040\000a\000n\000d\000\040\000V\000i\000e\000w\000e\000r\000\040\000S\000u\000r\000f\000a\000c\000e\000s}{section.3}% 6
\BOOKMARK [2][-]{subsection.3.4}{\376\377\000P\000r\000o\000c\000e\000s\000s\000-\000B\000a\000s\000e\000d\000\040\000G\000a\000m\000e\000\040\000P\000l\000u\000g\000i\000n\000\040\000S\000y\000s\000t\000e\000m}{section.3}% 7
\BOOKMARK [2][-]{subsection.3.5}{\376\377\000L\000o\000c\000a\000l\000\040\000B\000r\000i\000d\000g\000e\000\040\000A\000g\000e\000n\000t\000\040\000f\000o\000r\000\040\000B\000o\000t\000\040\000A\000u\000t\000h\000o\000r\000s}{section.3}% 8
\BOOKMARK [2][-]{subsection.3.6}{\376\377\000P\000a\000c\000k\000a\000g\000i\000n\000g\000,\000\040\000D\000e\000p\000l\000o\000y\000m\000e\000n\000t\000,\000\040\000a\000n\000d\000\040\000R\000e\000l\000e\000a\000s\000e\000\040\000A\000u\000t\000o\000m\000a\000t\000i\000o\000n}{section.3}% 9
\BOOKMARK [2][-]{subsection.3.7}{\376\377\000V\000a\000l\000i\000d\000a\000t\000i\000o\000n\000\040\000a\000n\000d\000\040\000C\000I\000\040\000S\000t\000a\000t\000u\000s}{section.3}% 10
\BOOKMARK [1][-]{section.4}{\376\377\000C\000u\000r\000r\000e\000n\000t\000\040\000G\000a\000p\000s\000\040\000a\000n\000d\000\040\000S\000h\000o\000r\000t\000c\000o\000m\000i\000n\000g\000s}{}% 11
\BOOKMARK [2][-]{subsection.4.1}{\376\377\000D\000u\000r\000a\000b\000i\000l\000i\000t\000y\000\040\000a\000n\000d\000\040\000D\000a\000t\000a\000\040\000L\000i\000f\000e\000c\000y\000c\000l\000e}{section.4}% 12
\BOOKMARK [2][-]{subsection.4.2}{\376\377\000S\000e\000c\000u\000r\000i\000t\000y\000\040\000a\000n\000d\000\040\000T\000r\000u\000s\000t\000\040\000M\000o\000d\000e\000l}{section.4}% 13
\BOOKMARK [2][-]{subsection.4.3}{\376\377\000P\000r\000o\000t\000o\000c\000o\000l\000\040\000C\000o\000n\000s\000i\000s\000t\000e\000n\000c\000y}{section.4}% 14
\BOOKMARK [2][-]{subsection.4.4}{\376\377\000S\000c\000a\000l\000a\000b\000i\000l\000i\000t\000y\000\040\000a\000n\000d\000\040\000C\000o\000n\000c\000u\000r\000r\000e\000n\000c\000y\000\040\000M\000o\000d\000e\000l}{section.4}% 15
\BOOKMARK [2][-]{subsection.4.5}{\376\377\000P\000l\000u\000g\000i\000n\000\040\000G\000o\000v\000e\000r\000n\000a\000n\000c\000e\000\040\000a\000n\000d\000\040\000I\000s\000o\000l\000a\000t\000i\000o\000n}{section.4}% 16
\BOOKMARK [2][-]{subsection.4.6}{\376\377\000A\000u\000t\000o\000m\000a\000t\000e\000d\000\040\000T\000e\000s\000t\000\040\000C\000o\000v\000e\000r\000a\000g\000e}{section.4}% 17
\BOOKMARK [1][-]{section.5}{\376\377\000S\000u\000g\000g\000e\000s\000t\000e\000d\000\040\000N\000e\000a\000r\000-\000T\000e\000r\000m\000\040\000F\000o\000c\000u\000s}{}% 18
\BOOKMARK [1][-]{section.6}{\376\377\000D\000o\000c\000u\000m\000e\000n\000t\000\040\000M\000a\000p\000\040\000\050\000P\000r\000i\000m\000a\000r\000y\000\040\000R\000e\000a\000d\000i\000n\000g\000\040\000O\000r\000d\000e\000r\000\051}{}% 19
\BOOKMARK [1][-]{section.7}{\376\377\000A\000s\000-\000B\000u\000i\000l\000t\000\040\000C\000o\000n\000c\000l\000u\000s\000i\000o\000n}{}% 20
